<?xml version="1.0" encoding="UTF-8"?>
<!-- Generated by org.testng.reporters.JUnitReportReporter -->
<testsuite skipped="0" hostname="WPURS71515L" name="com.OrangeHRM.SmokeTestSuite" tests="1" failures="0" timestamp="2021-02-24T11:32:50 IST" time="0.007" errors="0">
  <testcase name="SmokeBatchExecution" time="0.007" classname="com.OrangeHRM.SmokeTestSuite"/>
  <system-out/>
</testsuite> <!-- com.OrangeHRM.SmokeTestSuite -->
