<?xml version="1.0" encoding="UTF-8"?>
<!-- Generated by org.testng.reporters.JUnitReportReporter -->
<testsuite skipped="0" hostname="WPURS71515L" name="com.OrangeHRM.CrossBrowser_Testing" tests="6" failures="0" timestamp="2021-02-24T12:36:34 IST" time="96.861" errors="0">
  <testcase name="OrangeHRM_Login" time="10.310" classname="com.OrangeHRM.CrossBrowser_Testing"/>
  <system-out/>
  <testcase name="OrangeHRM_Login" time="8.413" classname="com.OrangeHRM.CrossBrowser_Testing"/>
  <system-out/>
  <testcase name="OrangeHRM_Login" time="31.988" classname="com.OrangeHRM.CrossBrowser_Testing"/>
  <system-out/>
  <testcase name="OrangeHRM_Login" time="8.418" classname="com.OrangeHRM.CrossBrowser_Testing"/>
  <system-out/>
  <testcase name="OrangeHRM_Login" time="29.039" classname="com.OrangeHRM.CrossBrowser_Testing"/>
  <system-out/>
  <testcase name="OrangeHRM_Login" time="8.693" classname="com.OrangeHRM.CrossBrowser_Testing"/>
  <system-out/>
</testsuite> <!-- com.OrangeHRM.CrossBrowser_Testing -->
