<?xml version="1.0" encoding="UTF-8"?>
<!-- Generated by org.testng.reporters.JUnitReportReporter -->
<testsuite skipped="0" hostname="WPURS71515L" name="com.HDFC.HDFC_NetBanking2" tests="1" failures="0" timestamp="2021-02-22T11:49:05 IST" time="2.304" errors="0">
  <testcase name="EnterCustomerID" time="2.304" classname="com.HDFC.HDFC_NetBanking2"/>
  <system-out/>
</testsuite> <!-- com.HDFC.HDFC_NetBanking2 -->
