<?xml version="1.0" encoding="UTF-8"?>
<!-- Generated by org.testng.reporters.JUnitReportReporter -->
<testsuite skipped="0" hostname="WPURS71515L" name="com.HDFC.HDFC_NetBanking" tests="1" failures="0" timestamp="2021-03-03T11:40:14 IST" time="1.628" errors="0">
  <testcase name="EnterCustomerID" time="1.628" classname="com.HDFC.HDFC_NetBanking"/>
  <system-out/>
</testsuite> <!-- com.HDFC.HDFC_NetBanking -->
