<?xml version="1.0" encoding="UTF-8"?>
<!-- Generated by org.testng.reporters.JUnitReportReporter -->
<testsuite skipped="0" hostname="WPURS71515L" name="com.AdvancedTopics.Sikuli_Example" tests="1" failures="0" timestamp="2021-03-02T10:51:39 IST" time="40.287" errors="0">
  <testcase name="FileUpload_UsingSikuli" time="40.287" classname="com.AdvancedTopics.Sikuli_Example"/>
  <system-out/>
</testsuite> <!-- com.AdvancedTopics.Sikuli_Example -->
