<?xml version="1.0" encoding="UTF-8"?>
<!-- Generated by org.testng.reporters.JUnitReportReporter -->
<testsuite skipped="0" hostname="WPURS71515L" name="com.OrangeHRM.OrangeHRM_Login_Mobile_Browser" tests="1" failures="0" timestamp="2021-02-23T12:28:39 IST" time="13.810" errors="0">
  <testcase name="SignOn" time="13.810" classname="com.OrangeHRM.OrangeHRM_Login_Mobile_Browser"/>
  <system-out/>
</testsuite> <!-- com.OrangeHRM.OrangeHRM_Login_Mobile_Browser -->
