<?xml version="1.0" encoding="UTF-8"?>
<!-- Generated by org.testng.reporters.JUnitReportReporter -->
<testsuite skipped="0" hostname="WPURS71515L" name="com.OrangeHRM.OrngHRM_Create_Search_Delete_Users" tests="1" failures="0" timestamp="2021-02-23T10:51:46 IST" time="45.584" errors="0">
  <testcase name="Search" time="45.584" classname="com.OrangeHRM.OrngHRM_Create_Search_Delete_Users"/>
  <system-out/>
</testsuite> <!-- com.OrangeHRM.OrngHRM_Create_Search_Delete_Users -->
