<?xml version="1.0" encoding="UTF-8"?>
<!-- Generated by org.testng.reporters.JUnitReportReporter -->
<testsuite skipped="0" hostname="WPURS71515L" name="com.AdvancedTopics.Scroll_Horizontally" tests="1" failures="0" timestamp="2021-03-01T13:39:23 IST" time="37.069" errors="0">
  <testcase name="ScrollHorizontally" time="37.069" classname="com.AdvancedTopics.Scroll_Horizontally"/>
  <system-out/>
</testsuite> <!-- com.AdvancedTopics.Scroll_Horizontally -->
