<?xml version="1.0" encoding="UTF-8"?>
<!-- Generated by org.testng.reporters.JUnitReportReporter -->
<testsuite skipped="0" hostname="WPURS71515L" name="com.AdvancedTopics.Handle_Alert" tests="1" failures="0" timestamp="2021-03-01T13:34:35 IST" time="5.774" errors="0">
  <testcase name="HandleAlert" time="5.774" classname="com.AdvancedTopics.Handle_Alert"/>
  <system-out/>
</testsuite> <!-- com.AdvancedTopics.Handle_Alert -->
