<?xml version="1.0" encoding="UTF-8"?>
<!-- Generated by org.testng.reporters.JUnitReportReporter -->
<testsuite skipped="0" hostname="WPURS71515L" name="com.HDFC.HDFC_NetBanking" tests="1" failures="0" timestamp="2021-02-22T11:12:13 IST" time="1.562" errors="0">
  <testcase name="EnterCustomerID" time="1.562" classname="com.HDFC.HDFC_NetBanking"/>
  <system-out/>
</testsuite> <!-- com.HDFC.HDFC_NetBanking -->
