<?xml version="1.0" encoding="UTF-8"?>
<!-- Generated by org.testng.reporters.JUnitReportReporter -->
<testsuite skipped="0" hostname="WPURS71515L" name="com.OrangeHRM.OrangeHRM_Login_DataProvider" tests="2" failures="0" timestamp="2021-02-23T13:37:44 IST" time="48.538" errors="0">
  <testcase name="LoginToOrangeHRM" time="37.623" classname="com.OrangeHRM.OrangeHRM_Login_DataProvider"/>
  <system-out/>
  <testcase name="LoginToOrangeHRM" time="10.915" classname="com.OrangeHRM.OrangeHRM_Login_DataProvider"/>
  <system-out/>
</testsuite> <!-- com.OrangeHRM.OrangeHRM_Login_DataProvider -->
