<?xml version="1.0" encoding="UTF-8"?>
<!-- Generated by org.testng.reporters.JUnitReportReporter -->
<testsuite skipped="0" hostname="WPURS71515L" name="com.OrangeHRM.OrangeHRM_Login_All_Tcs_Scenario" tests="5" failures="0" timestamp="2021-02-25T11:59:32 IST" time="46.236" errors="0">
  <testcase name="LoginAllCases" time="4.878" classname="com.OrangeHRM.OrangeHRM_Login_All_Tcs_Scenario"/>
  <system-out/>
  <testcase name="LoginAllCases" time="18.012" classname="com.OrangeHRM.OrangeHRM_Login_All_Tcs_Scenario"/>
  <system-out/>
  <testcase name="LoginAllCases" time="4.456" classname="com.OrangeHRM.OrangeHRM_Login_All_Tcs_Scenario"/>
  <system-out/>
  <testcase name="LoginAllCases" time="3.265" classname="com.OrangeHRM.OrangeHRM_Login_All_Tcs_Scenario"/>
  <system-out/>
  <testcase name="LoginAllCases" time="15.625" classname="com.OrangeHRM.OrangeHRM_Login_All_Tcs_Scenario"/>
  <system-out/>
</testsuite> <!-- com.OrangeHRM.OrangeHRM_Login_All_Tcs_Scenario -->
