<?xml version="1.0" encoding="UTF-8"?>
<!-- Generated by org.testng.reporters.JUnitReportReporter -->
<testsuite skipped="0" hostname="WPURS71515L" name="com.OrangeHRM.MouseOver" tests="1" failures="0" timestamp="2021-03-01T11:42:15 IST" time="22.423" errors="0">
  <testcase name="Login" time="22.423" classname="com.OrangeHRM.MouseOver"/>
  <system-out/>
</testsuite> <!-- com.OrangeHRM.MouseOver -->
