<?xml version="1.0" encoding="UTF-8"?>
<!-- Generated by org.testng.reporters.JUnitReportReporter -->
<testsuite skipped="0" hostname="WPURS71515L" name="com.OrangeHRM.SauceLabs_Example" tests="1" failures="0" timestamp="2021-02-25T13:42:13 IST" time="29.663" errors="0">
  <testcase name="SauceLab_Example" time="29.663" classname="com.OrangeHRM.SauceLabs_Example"/>
  <system-out/>
</testsuite> <!-- com.OrangeHRM.SauceLabs_Example -->
