<?xml version="1.0" encoding="UTF-8"?>
<!-- Generated by org.testng.reporters.JUnitReportReporter -->
<testsuite skipped="0" hostname="WPURS71515L" name="com.OrangeHRM.OrangeHRM_Login_Implicit_Wait" tests="2" failures="0" timestamp="2021-02-19T13:36:09 IST" time="23.732" errors="0">
  <testcase name="Login" time="21.132" classname="com.OrangeHRM.OrangeHRM_Login_Implicit_Wait"/>
  <system-out/>
  <testcase name="Logout" time="2.600" classname="com.OrangeHRM.OrangeHRM_Login_Implicit_Wait"/>
  <system-out/>
</testsuite> <!-- com.OrangeHRM.OrangeHRM_Login_Implicit_Wait -->
