<?xml version="1.0" encoding="UTF-8"?>
<!-- Generated by org.testng.reporters.JUnitReportReporter -->
<testsuite skipped="0" hostname="WPURS71515L" name="com.OrangeHRM.ReadPropertiesFile" tests="1" failures="0" timestamp="2021-02-26T11:51:01 IST" time="42.395" errors="0">
  <testcase name="Flight_Login" time="42.395" classname="com.OrangeHRM.ReadPropertiesFile"/>
  <system-out/>
</testsuite> <!-- com.OrangeHRM.ReadPropertiesFile -->
