<?xml version="1.0" encoding="UTF-8"?>
<!-- Generated by org.testng.reporters.JUnitReportReporter -->
<testsuite skipped="0" hostname="WPURS71515L" name="com.AdvancedTopics.ExtentReport_WithScreenshot" tests="2" failures="0" timestamp="2021-03-02T19:16:22 IST" time="46.786" errors="0">
  <testcase name="OrangeHRM_Login" time="43.922" classname="com.AdvancedTopics.ExtentReport_WithScreenshot"/>
  <system-out/>
  <testcase name="LaunchBrowser" time="2.864" classname="com.AdvancedTopics.ExtentReport_WithScreenshot"/>
  <system-out/>
</testsuite> <!-- com.AdvancedTopics.ExtentReport_WithScreenshot -->
