<?xml version="1.0" encoding="UTF-8"?>
<!-- Generated by org.testng.reporters.JUnitReportReporter -->
<testsuite skipped="0" hostname="WPURS71515L" name="testNGListener.Logger.OrangeHRM_Login_Before_After_Example" tests="1" failures="0" timestamp="2021-03-02T13:41:41 IST" time="116.761" errors="0">
  <testcase name="LoginToOrangeHRM" time="116.761" classname="testNGListener.Logger.OrangeHRM_Login_Before_After_Example"/>
  <system-out/>
</testsuite> <!-- testNGListener.Logger.OrangeHRM_Login_Before_After_Example -->
