<?xml version="1.0" encoding="UTF-8"?>
<!-- Generated by org.testng.reporters.JUnitReportReporter -->
<testsuite skipped="0" hostname="WPURS71515L" name="com.AdvancedTopics.Scroll_Down_Webpage_Bottom_Example" tests="1" failures="0" timestamp="2021-03-01T13:36:22 IST" time="36.379" errors="0">
  <testcase name="ByPage" time="36.379" classname="com.AdvancedTopics.Scroll_Down_Webpage_Bottom_Example"/>
  <system-out/>
</testsuite> <!-- com.AdvancedTopics.Scroll_Down_Webpage_Bottom_Example -->
