<?xml version="1.0" encoding="UTF-8"?>
<!-- Generated by org.testng.reporters.JUnitReportReporter -->
<testsuite skipped="0" hostname="WPURS71515L" name="com.OrangeHRM.OrangeHRM_Login_TestNG" tests="2" failures="0" timestamp="2021-02-19T11:46:35 IST" time="22.901" errors="0">
  <testcase name="Login" time="18.743" classname="com.OrangeHRM.OrangeHRM_Login_TestNG"/>
  <system-out/>
  <testcase name="Logout" time="4.158" classname="com.OrangeHRM.OrangeHRM_Login_TestNG"/>
  <system-out/>
</testsuite> <!-- com.OrangeHRM.OrangeHRM_Login_TestNG -->
