<?xml version="1.0" encoding="UTF-8"?>
<!-- Generated by org.testng.reporters.JUnitReportReporter -->
<testsuite skipped="0" hostname="WPURS71515L" name="com.OrangeHRM.OrangeHRM_NavigationCommand" tests="1" failures="0" timestamp="2021-02-23T10:17:28 IST" time="31.037" errors="0">
  <testcase name="Login" time="31.037" classname="com.OrangeHRM.OrangeHRM_NavigationCommand"/>
  <system-out/>
</testsuite> <!-- com.OrangeHRM.OrangeHRM_NavigationCommand -->
