<?xml version="1.0" encoding="UTF-8"?>
<!-- Generated by org.testng.reporters.JUnitReportReporter -->
<testsuite skipped="0" hostname="WPURS71515L" name="com.OrangeHRM.Capture_ScreenShot_Example" tests="2" failures="0" timestamp="2021-02-26T12:39:30 IST" time="39.526" errors="0">
  <testcase name="LaunchBrowser" time="3.813" classname="com.OrangeHRM.Capture_ScreenShot_Example"/>
  <system-out/>
  <testcase name="OrangeHRM_Login" time="35.713" classname="com.OrangeHRM.Capture_ScreenShot_Example"/>
  <system-out/>
</testsuite> <!-- com.OrangeHRM.Capture_ScreenShot_Example -->
