<?xml version="1.0" encoding="UTF-8"?>
<!-- Generated by org.testng.reporters.JUnitReportReporter -->
<testsuite skipped="0" hostname="WPURS71515L" name="com.Log4J.OrangeHRM_Login_Log4j" tests="1" failures="0" timestamp="2021-03-02T12:48:07 IST" time="73.759" errors="0">
  <testcase name="LoginToOrangeHRM" time="73.759" classname="com.Log4J.OrangeHRM_Login_Log4j"/>
  <system-out/>
</testsuite> <!-- com.Log4J.OrangeHRM_Login_Log4j -->
