<?xml version="1.0" encoding="UTF-8"?>
<!-- Generated by org.testng.reporters.JUnitReportReporter -->
<testsuite skipped="0" hostname="WPURS71515L" name="com.OrangeHRM.DragDrop_Example" tests="1" failures="0" timestamp="2021-02-24T11:32:50 IST" time="6.378" errors="0">
  <testcase name="f" time="6.378" classname="com.OrangeHRM.DragDrop_Example"/>
  <system-out/>
</testsuite> <!-- com.OrangeHRM.DragDrop_Example -->
