<?xml version="1.0" encoding="UTF-8"?>
<!-- Generated by org.testng.reporters.JUnitReportReporter -->
<testsuite skipped="0" hostname="WPURS71515L" name="com.OrangeHRM.OrangeHRM_Login_Xpath_CSS_Example" tests="2" failures="0" timestamp="2021-02-19T12:26:12 IST" time="22.858" errors="0">
  <testcase name="Login" time="18.758" classname="com.OrangeHRM.OrangeHRM_Login_Xpath_CSS_Example"/>
  <system-out/>
  <testcase name="Logout" time="4.100" classname="com.OrangeHRM.OrangeHRM_Login_Xpath_CSS_Example"/>
  <system-out/>
</testsuite> <!-- com.OrangeHRM.OrangeHRM_Login_Xpath_CSS_Example -->
