<?xml version="1.0" encoding="UTF-8"?>
<!-- Generated by org.testng.reporters.JUnitReportReporter -->
<testsuite skipped="0" hostname="WPURS71515L" name="com.AdvancedTopics.HTTP_Authentication_Example" tests="1" failures="0" timestamp="2021-02-26T10:48:19 IST" time="71.723" errors="0">
  <testcase name="HTTPAuth" time="71.723" classname="com.AdvancedTopics.HTTP_Authentication_Example"/>
  <system-out/>
</testsuite> <!-- com.AdvancedTopics.HTTP_Authentication_Example -->
