<?xml version="1.0" encoding="UTF-8"?>
<!-- Generated by org.testng.reporters.JUnitReportReporter -->
<testsuite skipped="0" hostname="WPURS71515L" name="com.OrangeHRM.SSL_Certificate_All_Browser_Example" tests="1" failures="0" timestamp="2021-02-25T13:34:33 IST" time="47.098" errors="0">
  <testcase name="openApplication" time="47.098" classname="com.OrangeHRM.SSL_Certificate_All_Browser_Example"/>
  <system-out/>
</testsuite> <!-- com.OrangeHRM.SSL_Certificate_All_Browser_Example -->
