<?xml version="1.0" encoding="UTF-8"?>
<!-- Generated by org.testng.reporters.JUnitReportReporter -->
<testsuite skipped="0" hostname="WPURS71515L" name="com.SingleExtentReport_Example.DragDrop_Example" tests="1" failures="0" timestamp="2021-03-01T12:36:33 IST" time="4.549" errors="0">
  <testcase name="f" time="4.549" classname="com.SingleExtentReport_Example.DragDrop_Example"/>
  <system-out/>
</testsuite> <!-- com.SingleExtentReport_Example.DragDrop_Example -->
