<?xml version="1.0" encoding="UTF-8"?>
<!-- Generated by org.testng.reporters.JUnitReportReporter -->
<testsuite skipped="0" hostname="WPURS71515L" name="com.AdvancedTopics.Handle_Proxy_Example" tests="1" failures="0" timestamp="2021-02-26T10:43:47 IST" time="0.012" errors="0">
  <testcase name="HTTPAuth" time="0.012" classname="com.AdvancedTopics.Handle_Proxy_Example"/>
  <system-out/>
</testsuite> <!-- com.AdvancedTopics.Handle_Proxy_Example -->
