<?xml version="1.0" encoding="UTF-8"?>
<!-- Generated by org.testng.reporters.JUnitReportReporter -->
<testsuite hostname="WPURS71515L" name="com.HDFC.HDFC_NetBanking" tests="1" failures="0" timestamp="3 Mar 2021 08:40:12 GMT" time="1.399" errors="0">
  <testcase name="EnterCustomerID" time="1.399" classname="com.HDFC.HDFC_NetBanking"/>
</testsuite> <!-- com.HDFC.HDFC_NetBanking -->
